ispLEVER Auto-Make Log File
---------------------------

Updating: Fit Design
Start to record tcl script...
Finished recording TCL script.

Starting: 'C:\ispLEVER_Classic2_0\ispcpld\bin\mblflink.exe "PAU.bl1" -o "hw9.bl2" -omod "hw9" -gui -err "automake.err"'

BLIFLINK  Top-Down Design Linker
ispLEVER Classic 2.0 Copyright 1992-2015 Lattice Semiconductor. All Rights Reserved.

Top-level file: 'PAU.bl1'

Hierarchical BLIF: 'hw9.bl2'

BLIFLINK complete.  Time: 1 second 
Done: completed successfully.

Starting: 'C:\ispLEVER_Classic2_0\ispcpld\bin\impsrc.exe -gui -prj hw9 -lci hw9.lct -log hw9.imp -err automake.err -tti hw9.bl2 -dir c:\users\ellie\onedrive\documents\caltech\ee 10'

No pin assignment or valid property.
No source constraints were imported.
Done: completed successfully.

Starting: 'C:\ispLEVER_Classic2_0\ispcpld\bin\abelvci.exe -vci hw9.lct -blifopt hw9.b2_'

Done: completed successfully.

Starting: 'C:\ispLEVER_Classic2_0\ispcpld\bin\mblifopt.exe hw9.bl2 -sweep -mergefb -err automake.err -o hw9.bl3 @hw9.b2_ -gui'

BLIFOPT  Open-ABEL Optimizer 
U.C. Berkeley, SIS Ver. 1.0, supported by Lattice Semiconductor
ispLEVER Classic 2.0 Copyright 1992-2015 Lattice Semiconductor. All Rights Reserved.
Reading Open-ABEL 2 file hw9.bl2...
Merging feedbacks...
Note 13707: Node Sum0 is collapsed...
Note 13707: Node Carry0 is collapsed...
Note 13707: Node AddendA12 is collapsed...
Note 13707: Node AddendA11 is collapsed...
Note 13707: Node AddendA10 is collapsed...
Note 13707: Node AddendA9 is collapsed...
Note 13707: Node AddendA8 is collapsed...
Note 13707: Node AddendA7 is collapsed...
Note 13707: Node AddendA6 is collapsed...
Note 13707: Node AddendA5 is collapsed...
Note 13707: Node AddendA4 is collapsed...
Note 13707: Node AddendA3 is collapsed...
Note 13707: Node AddendA2 is collapsed...
Note 13707: Node AddendA1 is collapsed...
Note 13707: Node AddendA0 is collapsed...
Note 13707: Node Sum12 is collapsed...
Note 13707: Node Sum11 is collapsed...
Note 13707: Node Sum10 is collapsed...
Note 13707: Node Sum9 is collapsed...
Note 13707: Node Sum8 is collapsed...
Note 13707: Node Sum7 is collapsed...
Note 13707: Node Sum6 is collapsed...
Note 13707: Node Sum5 is collapsed...
Note 13707: Node Sum4 is collapsed...
Note 13707: Node Sum3 is collapsed...
Note 13707: Node Sum2 is collapsed...
Note 13707: Node Carry12 is collapsed...
Note 13707: Node Sum1 is collapsed...
Note 13707: Fmax mode optimizing 1 critical paths, 12 levels ...
Note 13707: Fmax mode optimizing 1 critical paths, 11 levels ...
Note 13707: Fmax mode optimizing 1 critical paths, 10 levels ...
Note 13707: Fmax mode optimizing 1 critical paths, 9 levels ...
Note 13707: Fmax mode optimizing 1 critical paths, 8 levels ...
Note 13707: Fmax mode optimizing 1 critical paths, 7 levels ...
Note 13707: Fmax mode optimizing 1 critical paths, 6 levels ...
Note 13707: Fmax mode optimizing 2 critical paths, 5 levels ...
Note 13707: Node Carry11 is collapsed...
Note 13707: Fmax mode optimizing 1 critical paths, 5 levels ...
Note 13707: Node Carry10 is collapsed...
Note 13707: Fmax mode optimizing 5 critical paths, 4 levels ...
Note 13707: Fmax mode stopped. 5 critical paths, 4 levels
Control path optimization...
Performing 'bypin choose' optimization...
..................Note    0: 
Estimated (clusters + macrocells): 57, Fmax Logic Level: 4
Note    0: Fmax mode did not meet constraint of 1 levels
Writing Open-ABEL 2 (BLIF) file hw9.bl3...
Note    0: 
BLIFOPT complete - Time 0 seconds
Done: completed successfully.

Starting: 'C:\ispLEVER_Classic2_0\ispcpld\bin\abelvci.exe -vci hw9.lct -dev lc4k -diofft hw9.d0'

Done: completed successfully.

Starting: 'C:\ispLEVER_Classic2_0\ispcpld\bin\mdiofft.exe hw9.bl3 -family AMDMACH -idev van -o hw9.bl4 -oxrf hw9.xrf -err automake.err @hw9.d0 -gui'

DIOFFT  Flip-Flop Transformation program
ispLEVER Classic 2.0 Copyright 1992-2015 Lattice Semiconductor. All Rights Reserved.
Input file: hw9.bl3.
Output file: hw9.bl4.
Cross reference file: hw9.xrf.

.................................................................
Shortening signal names...
Writing signal name cross reference file hw9.xrf... 

DIOFFT complete - Time 0 seconds
Done: completed successfully.

Starting: 'C:\ispLEVER_Classic2_0\ispcpld\bin\abelvci.exe -vci hw9.lct -dev lc4k -prefit hw9.l0'

Done: completed successfully.

Starting: 'C:\ispLEVER_Classic2_0\ispcpld\bin\prefit.exe -blif -inp hw9.bl4 -out hw9.bl5 -err automake.err -log hw9.log -mod PAU @hw9.l0 -gui -sc'

Prefit Logic Optimizer (May 31 2012)  Tue Apr 07 00:35:10 2020

C:\ispLEVER_Classic2_0\ispcpld\bin\prefit.exe -blif -inp hw9.bl4 -out hw9.bl5 -err automake.err -log hw9.log -mod PAU @hw9.l0 -gui -sc 
Number of pins (IO)    :    54
Number of outputs (MC) :    48
Number of registers    :    13
Number of logic pterms :   186
C:\ispLEVER_Classic2_0\ispcpld\bin\prefit.exe complete - Time 0 seconds

Done: completed successfully.

Starting: 'C:\ispLEVER_Classic2_0\ispcpld\bin\lpf4k.exe @"hw9.rs2"'

<Error>  F38018:  Pin count 54 for the design exceeds the device limit of 52.
Project 'hw9' failed during design rules check!

Done: failed with exit code: 0002.
